<?xml version="1.0" encoding="UTF-8"?>
<!-- Generated by org.testng.reporters.JUnitXMLReporter -->
<testsuite hostname="Goran-PC" name="Default test" tests="4" failures="0" timestamp="29 Sep 2016 23:14:13 GMT" time="19.353" errors="0">
  <testcase name="correctLogIn" time="5.213" classname="SeleniumTestJava.QuandooTest"/>
  <testcase name="wrongUser" time="3.033" classname="SeleniumTestJava.QuandooTest"/>
  <testcase name="wrongPassword" time="2.219" classname="SeleniumTestJava.QuandooTest"/>
  <testcase name="checkHovers" time="1.22" classname="SeleniumTestJava.QuandooTest"/>
</testsuite> <!-- Default test -->
