<?xml version="1.0" encoding="UTF-8"?>
<!-- Generated by org.testng.reporters.JUnitXMLReporter -->
<testsuite hostname="Goran-PC" name="Default test" tests="4" failures="0" timestamp="30 Sep 2016 09:12:48 GMT" time="21.312" errors="0">
  <testcase name="correctLogIn" time="8.072" classname="SeleniumTestJava.QuandooTest"/>
  <testcase name="wrongUser" time="2.345" classname="SeleniumTestJava.QuandooTest"/>
  <testcase name="wrongPassword" time="2.268" classname="SeleniumTestJava.QuandooTest"/>
  <testcase name="checkHovers" time="1.233" classname="SeleniumTestJava.QuandooTest"/>
</testsuite> <!-- Default test -->
